<?xml version="1.0" encoding="UTF-8" ?>
<testsuite failures="0" time="0.011" errors="0" skipped="0" tests="6" name="com.bc.layer.ViewportTest">
  <properties>
    <property name="java.runtime.name" value="Java(TM) SE Runtime Environment"/>
    <property name="sun.boot.library.path" value="/System/Library/Frameworks/JavaVM.framework/Versions/1.6.0/Libraries"/>
    <property name="java.vm.version" value="1.6.0_05-b13-52"/>
    <property name="awt.nativeDoubleBuffering" value="true"/>
    <property name="gopherProxySet" value="false"/>
    <property name="java.vm.vendor" value="Apple Inc."/>
    <property name="java.vendor.url" value="http://www.apple.com/"/>
    <property name="path.separator" value=":"/>
    <property name="java.vm.name" value="Java HotSpot(TM) 64-Bit Server VM"/>
    <property name="file.encoding.pkg" value="sun.io"/>
    <property name="user.country" value="US"/>
    <property name="sun.java.launcher" value="SUN_STANDARD"/>
    <property name="sun.os.patch.level" value="unknown"/>
    <property name="java.vm.specification.name" value="Java Virtual Machine Specification"/>
    <property name="user.dir" value="/Users/norman/Projects/jai-sandbox"/>
    <property name="java.runtime.version" value="1.6.0_05-b13-120"/>
    <property name="java.awt.graphicsenv" value="apple.awt.CGraphicsEnvironment"/>
    <property name="basedir" value="/Users/norman/Projects/jai-sandbox"/>
    <property name="java.endorsed.dirs" value="/System/Library/Frameworks/JavaVM.framework/Versions/1.6.0/Home/lib/endorsed"/>
    <property name="os.arch" value="x86_64"/>
    <property name="surefire.real.class.path" value="/tmp/surefirebooter19820.jar"/>
    <property name="java.io.tmpdir" value="/tmp"/>
    <property name="line.separator" value="
"/>
    <property name="java.vm.specification.vendor" value="Sun Microsystems Inc."/>
    <property name="os.name" value="Mac OS X"/>
    <property name="sun.jnu.encoding" value="MacRoman"/>
    <property name="java.library.path" value="/Applications/IntelliJ IDEA 7.0.3.app/Contents/Resources/Java:/System/Library/PrivateFrameworks/JavaApplicationLauncher.framework/Resources:.:/Library/Java/Extensions:/System/Library/Java/Extensions:/usr/lib/java"/>
    <property name="surefire.test.class.path" value="/Users/norman/Projects/jai-sandbox/target/test-classes:/Users/norman/Projects/jai-sandbox/target/classes:/Users/norman/.m2/repository/junit/junit/3.8.1/junit-3.8.1.jar:/Users/norman/.m2/repository/javax/media/jai/jai-core/1.1.3/jai-core-1.1.3.jar:/Users/norman/.m2/repository/javax/media/jai/jai-codec/1.1.3/jai-codec-1.1.3.jar:/Users/norman/.m2/repository/javax/media/jai/mlibwrapper-jai/1.1.3/mlibwrapper-jai-1.1.3.jar:/Users/norman/.m2/repository/com/sun/media/clibwrapper-jiio/1.1/clibwrapper-jiio-1.1.jar:"/>
    <property name="java.specification.name" value="Java Platform API Specification"/>
    <property name="java.class.version" value="50.0"/>
    <property name="sun.management.compiler" value="HotSpot 64-Bit Server Compiler"/>
    <property name="os.version" value="10.5.4"/>
    <property name="http.nonProxyHosts" value="local|*.local|169.254/16|*.169.254/16"/>
    <property name="user.home" value="/Users/norman"/>
    <property name="user.timezone" value=""/>
    <property name="java.awt.printerjob" value="apple.awt.CPrinterJob"/>
    <property name="java.specification.version" value="1.6"/>
    <property name="file.encoding" value="MacRoman"/>
    <property name="user.name" value="norman"/>
    <property name="java.class.path" value="/Users/norman/Projects/jai-sandbox/target/test-classes:/Users/norman/Projects/jai-sandbox/target/classes:/Users/norman/.m2/repository/junit/junit/3.8.1/junit-3.8.1.jar:/Users/norman/.m2/repository/javax/media/jai/jai-core/1.1.3/jai-core-1.1.3.jar:/Users/norman/.m2/repository/javax/media/jai/jai-codec/1.1.3/jai-codec-1.1.3.jar:/Users/norman/.m2/repository/javax/media/jai/mlibwrapper-jai/1.1.3/mlibwrapper-jai-1.1.3.jar:/Users/norman/.m2/repository/com/sun/media/clibwrapper-jiio/1.1/clibwrapper-jiio-1.1.jar:"/>
    <property name="java.vm.specification.version" value="1.0"/>
    <property name="sun.arch.data.model" value="64"/>
    <property name="java.home" value="/System/Library/Frameworks/JavaVM.framework/Versions/1.6.0/Home"/>
    <property name="java.specification.vendor" value="Sun Microsystems Inc."/>
    <property name="user.language" value="en"/>
    <property name="awt.toolkit" value="apple.awt.CToolkit"/>
    <property name="java.vm.info" value="mixed mode"/>
    <property name="java.version" value="1.6.0_05"/>
    <property name="java.ext.dirs" value="/Library/Java/Extensions:/System/Library/Java/Extensions:/System/Library/Frameworks/JavaVM.framework/Versions/1.6.0/Home/lib/ext"/>
    <property name="sun.boot.class.path" value="/System/Library/Frameworks/JavaVM.framework/Versions/1.6.0/Classes/classes.jar:/System/Library/Frameworks/JavaVM.framework/Versions/1.6.0/Classes/ui.jar:/System/Library/Frameworks/JavaVM.framework/Versions/1.6.0/Classes/laf.jar:/System/Library/Frameworks/JavaVM.framework/Versions/1.6.0/Classes/sunrsasign.jar:/System/Library/Frameworks/JavaVM.framework/Versions/1.6.0/Classes/jsse.jar:/System/Library/Frameworks/JavaVM.framework/Versions/1.6.0/Classes/jce.jar:/System/Library/Frameworks/JavaVM.framework/Versions/1.6.0/Classes/charsets.jar"/>
    <property name="java.vendor" value="Apple Inc."/>
    <property name="localRepository" value="/Users/norman/.m2/repository"/>
    <property name="file.separator" value="/"/>
    <property name="java.vendor.url.bug" value="http://bugreport.apple.com/"/>
    <property name="sun.cpu.endian" value="little"/>
    <property name="sun.io.unicode.encoding" value="UnicodeLittle"/>
    <property name="mrj.version" value="1040.1.6.0_05-120"/>
    <property name="socksNonProxyHosts" value="local|*.local|169.254/16|*.169.254/16"/>
    <property name="ftp.nonProxyHosts" value="local|*.local|169.254/16|*.169.254/16"/>
    <property name="sun.cpu.isalist" value=""/>
  </properties>
  <testcase time="0.001" classname="com.bc.layer.ViewportTest" name="testDefaultSettings"/>
  <testcase time="0" classname="com.bc.layer.ViewportTest" name="testTransformAreNotLife"/>
  <testcase time="0.001" classname="com.bc.layer.ViewportTest" name="testInverse"/>
  <testcase time="0" classname="com.bc.layer.ViewportTest" name="testPanning"/>
  <testcase time="0" classname="com.bc.layer.ViewportTest" name="testZooming"/>
  <testcase time="0.001" classname="com.bc.layer.ViewportTest" name="testRelativeZoomWithAffineTransform"/>
</testsuite>